<?xml version="1.0" encoding="UTF-8"?>
<!-- Generated by org.testng.reporters.JUnitReportReporter -->
<testsuite hostname="Admin-PC" name="Mohram.DemoA" tests="1" failures="0" timestamp="11 Oct 2018 13:27:10 GMT" time="0.003" errors="0">
  <testcase name="TestA" time="0.003" classname="Mohram.DemoA"/>
</testsuite> <!-- Mohram.DemoA -->
