<?xml version="1.0" encoding="UTF-8"?>
<!-- Generated by org.testng.reporters.JUnitReportReporter -->
<testsuite hostname="Admin-PC" name="FBNewApproach.DemoA" tests="1" failures="0" timestamp="21 Sep 2018 02:32:51 GMT" time="0.015" errors="0">
  <testcase name="Method1" time="0.015" classname="FBNewApproach.DemoA"/>
</testsuite> <!-- FBNewApproach.DemoA -->
