<?xml version="1.0" encoding="UTF-8"?>
<!-- Generated by org.testng.reporters.JUnitReportReporter -->
<testsuite hostname="Admin-PC" name="FBlogin.DemoA" tests="1" failures="0" timestamp="20 Sep 2018 16:08:44 GMT" time="0.011" errors="0">
  <testcase name="testA" time="0.011" classname="FBlogin.DemoA"/>
</testsuite> <!-- FBlogin.DemoA -->
