<?xml version="1.0" encoding="UTF-8"?>
<!-- Generated by org.testng.reporters.JUnitReportReporter -->
<testsuite hostname="Admin-PC" name="DoubleArray.Demo2" tests="2" failures="0" timestamp="24 Sep 2018 13:33:14 GMT" time="0.032" errors="0">
  <testcase name="createUser" time="0.029" classname="DoubleArray.Demo2"/>
  <testcase name="createUser" time="0.003" classname="DoubleArray.Demo2"/>
</testsuite> <!-- DoubleArray.Demo2 -->
