<?xml version="1.0" encoding="UTF-8"?>
<!-- Generated by org.testng.reporters.JUnitReportReporter -->
<testsuite hostname="Admin-PC" name="DoubleArray.AssertionDemo" tests="2" failures="0" timestamp="11 Oct 2018 13:27:10 GMT" time="0.014" errors="0">
  <testcase name="createUser" time="0.002" classname="DoubleArray.AssertionDemo"/>
  <testcase name="createUser" time="0.012" classname="DoubleArray.AssertionDemo"/>
</testsuite> <!-- DoubleArray.AssertionDemo -->
