<?xml version="1.0" encoding="UTF-8"?>
<!-- Generated by org.testng.reporters.JUnitReportReporter -->
<testsuite hostname="Admin-PC" name="FBlogin.NGRep" tests="1" failures="0" timestamp="20 Sep 2018 16:37:46 GMT" time="0.012" errors="0">
  <testcase name="testA" time="0.012" classname="FBlogin.NGRep"/>
</testsuite> <!-- FBlogin.NGRep -->
