<?xml version="1.0" encoding="UTF-8"?>
<!-- Generated by org.testng.reporters.JUnitReportReporter -->
<testsuite hostname="Admin-PC" name="Mohram.DemoB" tests="2" failures="0" timestamp="11 Oct 2018 13:27:10 GMT" time="0.005" errors="0">
  <testcase name="TestB1" time="0.003" classname="Mohram.DemoB"/>
  <testcase name="TestB2" time="0.002" classname="Mohram.DemoB"/>
</testsuite> <!-- Mohram.DemoB -->
