<?xml version="1.0" encoding="UTF-8"?>
<!-- Generated by org.testng.reporters.JUnitReportReporter -->
<testsuite hostname="Admin-PC" name="Mohram.DemoB" tests="2" failures="0" timestamp="23 Sep 2018 05:16:23 GMT" time="0.013" errors="0">
  <testcase name="TestB2" time="0.004" classname="Mohram.DemoB"/>
  <testcase name="TestB1" time="0.009" classname="Mohram.DemoB"/>
</testsuite> <!-- Mohram.DemoB -->
