<?xml version="1.0" encoding="UTF-8"?>
<!-- Generated by org.testng.reporters.JUnitReportReporter -->
<testsuite hostname="Admin-PC" name="printingToExcel.DemoA" tests="2" failures="0" timestamp="1 Oct 2018 13:02:05 GMT" time="0.014" errors="0">
  <testcase name="deleteUser" time="0.002" classname="printingToExcel.DemoA"/>
  <testcase name="CreateUser" time="0.012" classname="printingToExcel.DemoA"/>
</testsuite> <!-- printingToExcel.DemoA -->
