<?xml version="1.0" encoding="UTF-8"?>
<!-- Generated by org.testng.reporters.JUnitReportReporter -->
<testsuite hostname="Admin-PC" name="DoubleArray.AssertionDemo" tests="2" failures="0" timestamp="24 Sep 2018 13:58:36 GMT" time="0.015" errors="0">
  <testcase name="createUser" time="0.003" classname="DoubleArray.AssertionDemo"/>
  <testcase name="createUser" time="0.012" classname="DoubleArray.AssertionDemo"/>
</testsuite> <!-- DoubleArray.AssertionDemo -->
