<?xml version="1.0" encoding="UTF-8"?>
<!-- Generated by org.testng.reporters.JUnitReportReporter -->
<testsuite hostname="Admin-PC" name="HubNode.DemoA" tests="2" failures="0" timestamp="28 Sep 2018 14:42:07 GMT" time="25.283" errors="0">
  <testcase name="testGrid" time="12.741" classname="HubNode.DemoA"/>
  <testcase name="testGrid" time="12.542" classname="HubNode.DemoA"/>
</testsuite> <!-- HubNode.DemoA -->
