<?xml version="1.0" encoding="UTF-8"?>
<!-- Generated by org.testng.reporters.JUnitReportReporter -->
<testsuite hostname="Admin-PC" name="DoubleArray.BaseTest" tests="1" failures="0" timestamp="24 Sep 2018 04:01:36 GMT" time="0.012" errors="0">
  <testcase name="m5" time="0.012" classname="DoubleArray.BaseTest"/>
</testsuite> <!-- DoubleArray.BaseTest -->
