<?xml version="1.0" encoding="UTF-8"?>
<!-- Generated by org.testng.reporters.JUnitReportReporter -->
<testsuite hostname="Admin-PC" name="DoubleArray.GroupingDemo" tests="6" failures="0" timestamp="11 Oct 2018 13:27:10 GMT" time="0.015" errors="0">
  <testcase name="m4" time="0.003" classname="DoubleArray.GroupingDemo"/>
  <testcase name="m8" time="0.002" classname="DoubleArray.GroupingDemo"/>
  <testcase name="m5" time="0.003" classname="DoubleArray.GroupingDemo"/>
  <testcase name="m2" time="0.003" classname="DoubleArray.GroupingDemo"/>
  <testcase name="m7" time="0.002" classname="DoubleArray.GroupingDemo"/>
  <testcase name="m6" time="0.002" classname="DoubleArray.GroupingDemo"/>
</testsuite> <!-- DoubleArray.GroupingDemo -->
