<?xml version="1.0" encoding="UTF-8"?>
<!-- Generated by org.testng.reporters.JUnitReportReporter -->
<testsuite hostname="Admin-PC" name="Google.DemoGoogle" tests="12" failures="0" timestamp="22 Sep 2018 16:05:33 GMT" time="0.032" errors="0">
  <testcase name="countRemainingUser" time="0.002" classname="Google.DemoGoogle"/>
  <testcase name="editUser" time="0.002" classname="Google.DemoGoogle"/>
  <testcase name="countRemainingUser" time="0.003" classname="Google.DemoGoogle"/>
  <testcase name="deleteUser" time="0.002" classname="Google.DemoGoogle"/>
  <testcase name="countRemainingUser" time="0.004" classname="Google.DemoGoogle"/>
  <testcase name="createUser" time="0.007" classname="Google.DemoGoogle"/>
  <testcase name="deleteUser" time="0.002" classname="Google.DemoGoogle"/>
  <testcase name="countRemainingUser" time="0.002" classname="Google.DemoGoogle"/>
  <testcase name="deleteUser" time="0.002" classname="Google.DemoGoogle"/>
  <testcase name="deleteUser" time="0.002" classname="Google.DemoGoogle"/>
  <testcase name="deleteUser" time="0.002" classname="Google.DemoGoogle"/>
  <testcase name="countRemainingUser" time="0.002" classname="Google.DemoGoogle"/>
</testsuite> <!-- Google.DemoGoogle -->
