<?xml version="1.0" encoding="UTF-8"?>
<!-- Generated by org.testng.reporters.JUnitReportReporter -->
<testsuite hostname="Admin-PC" name="JSP.DemoB" tests="1" failures="0" timestamp="26 Sep 2018 15:10:41 GMT" time="0.015" errors="0">
  <testcase name="testA" time="0.015" classname="JSP.DemoB"/>
</testsuite> <!-- JSP.DemoB -->
