<?xml version="1.0" encoding="UTF-8"?>
<!-- Generated by org.testng.reporters.JUnitReportReporter -->
<testsuite hostname="Admin-PC" name="Mohram.DemoA" tests="1" failures="0" timestamp="22 Sep 2018 16:52:45 GMT" time="0.006" errors="0">
  <testcase name="TestA" time="0.006" classname="Mohram.DemoA"/>
</testsuite> <!-- Mohram.DemoA -->
