<?xml version="1.0" encoding="UTF-8"?>
<!-- Generated by org.testng.reporters.JUnitReportReporter -->
<testsuite hostname="Admin-PC" name="FBNewApproach.DemoA" tests="1" failures="0" timestamp="11 Oct 2018 13:27:10 GMT" time="0.002" errors="0">
  <testcase name="Method1" time="0.002" classname="FBNewApproach.DemoA"/>
</testsuite> <!-- FBNewApproach.DemoA -->
