<?xml version="1.0" encoding="UTF-8"?>
<!-- Generated by org.testng.reporters.JUnitReportReporter -->
<testsuite hostname="Admin-PC" name="UsingTestMethod.DemoActiTime" tests="1" failures="0" timestamp="25 Sep 2018 03:46:44 GMT" time="11.137" errors="0">
  <testcase name="testLogin2" time="11.137" classname="UsingTestMethod.DemoActiTime"/>
</testsuite> <!-- UsingTestMethod.DemoActiTime -->
