<?xml version="1.0" encoding="UTF-8"?>
<!-- Generated by org.testng.reporters.JUnitReportReporter -->
<testsuite hostname="Admin-PC" name="UsingTestMethod.DemoActiTime" tests="1" failures="0" timestamp="11 Oct 2018 13:27:10 GMT" time="11.813" errors="0">
  <testcase name="testLogin1" time="11.813" classname="UsingTestMethod.DemoActiTime"/>
</testsuite> <!-- UsingTestMethod.DemoActiTime -->
