<?xml version="1.0" encoding="UTF-8"?>
<!-- Generated by org.testng.reporters.JUnitReportReporter -->
<testsuite hostname="Admin-PC" name="PropertyFile.DemoA" tests="1" failures="0" timestamp="28 Sep 2018 16:45:03 GMT" time="0.013" errors="0">
  <testcase name="testGrid" time="0.013" classname="PropertyFile.DemoA"/>
</testsuite> <!-- PropertyFile.DemoA -->
