<?xml version="1.0" encoding="UTF-8"?>
<!-- Generated by org.testng.reporters.JUnitReportReporter -->
<testsuite hostname="Admin-PC" name="FrameworkScript.DemoA" tests="1" failures="0" timestamp="14 Oct 2018 11:48:33 GMT" time="7.711" errors="0">
  <testcase name="TestA" time="7.711" classname="FrameworkScript.DemoA"/>
</testsuite> <!-- FrameworkScript.DemoA -->
